<?xml version="1.0" encoding="UTF-8"?>
<!-- Generated by org.testng.reporters.JUnitReportReporter -->
<testsuite hostname="LAPTOP-03PMKKBV" failures="0" tests="1" name="automationPractice.TestNgClass" time="0.008" errors="0" timestamp="2022-08-05T19:36:06 IST" skipped="0">
  <testcase classname="automationPractice.TestNgClass" name="method1" time="0.008"/>
  <system-out/>
</testsuite> <!-- automationPractice.TestNgClass -->
